2019-08-06 14:10:43,790 - D:\cmdb\apps\assets\intoVMdetails.py[line:77] - WARNING: 命名不规范: caowei-python-test
2019-08-06 14:10:46,335 - D:\cmdb\apps\assets\intoVMdetails.py[line:77] - WARNING: 命名不规范: crowdfunding-app-test（172.16.15.5）
2019-08-06 14:10:54,364 - D:\cmdb\apps\assets\intoVMdetails.py[line:77] - WARNING: 命名不规范: NAbox
2019-08-06 14:10:55,929 - D:\cmdb\apps\assets\intoVMdetails.py[line:77] - WARNING: 命名不规范: db-test
2019-08-06 14:11:29,038 - D:\cmdb\apps\assets\intoVMdetails.py[line:77] - WARNING: 命名不规范: CommVault-live
2019-08-06 14:12:07,847 - D:\cmdb\apps\assets\intoVMdetails.py[line:77] - WARNING: 命名不规范: caowei-test0818
2019-08-06 14:12:28,946 - D:\cmdb\apps\assets\intoVMdetails.py[line:77] - WARNING: 命名不规范: nginx-member
2019-08-06 14:12:32,142 - D:\cmdb\apps\assets\intoVMdetails.py[line:77] - WARNING: 命名不规范: bind_dlz-master01
2019-08-06 14:13:14,937 - D:\cmdb\apps\assets\intoVMdetails.py[line:77] - WARNING: 命名不规范: sxbanksteelv2-oracle01
2019-08-06 14:13:20,854 - D:\cmdb\apps\assets\intoVMdetails.py[line:77] - WARNING: 命名不规范: NexentaFusion 1.1.1_FB1
2019-08-06 14:13:40,893 - D:\cmdb\apps\assets\intoVMdetails.py[line:77] - WARNING: 命名不规范: pbs-mysteel-dns-master
2019-08-06 14:14:52,707 - D:\cmdb\apps\assets\intoVMdetails.py[line:77] - WARNING: 命名不规范: pbs-demo-k8s-node04-4
2019-08-06 14:14:53,090 - D:\cmdb\apps\assets\intoVMdetails.py[line:77] - WARNING: 命名不规范: pbs-demo-k8s-node04-3
2019-08-06 14:14:53,229 - D:\cmdb\apps\assets\intoVMdetails.py[line:77] - WARNING: 命名不规范: pbs-demo-k8s-node04-2
2019-08-06 14:14:53,366 - D:\cmdb\apps\assets\intoVMdetails.py[line:77] - WARNING: 命名不规范: pbs-demo-k8s-node04-1
2019-08-06 14:14:54,446 - D:\cmdb\apps\assets\intoVMdetails.py[line:77] - WARNING: 命名不规范: pbs-demo-k8s-node03-4
2019-08-06 14:14:54,581 - D:\cmdb\apps\assets\intoVMdetails.py[line:77] - WARNING: 命名不规范: pbs-demo-k8s-node03-2
2019-08-06 14:14:54,716 - D:\cmdb\apps\assets\intoVMdetails.py[line:77] - WARNING: 命名不规范: pbs-demo-k8s-node03-3
2019-08-06 14:14:55,105 - D:\cmdb\apps\assets\intoVMdetails.py[line:77] - WARNING: 命名不规范: pbs-demo-k8s-node03-1
2019-08-06 14:14:56,217 - D:\cmdb\apps\assets\intoVMdetails.py[line:77] - WARNING: 命名不规范: pbs-demo-k8s-node01-2
2019-08-06 14:14:56,363 - D:\cmdb\apps\assets\intoVMdetails.py[line:77] - WARNING: 命名不规范: pbs-demo-k8s-node01-3
2019-08-06 14:14:56,513 - D:\cmdb\apps\assets\intoVMdetails.py[line:77] - WARNING: 命名不规范: pbs-demo-k8s-node01-4
2019-08-06 14:14:56,657 - D:\cmdb\apps\assets\intoVMdetails.py[line:77] - WARNING: 命名不规范: pbs-demo-k8s-node01-1
2019-08-06 14:14:58,254 - D:\cmdb\apps\assets\intoVMdetails.py[line:77] - WARNING: 命名不规范: pbs-demo-k8s-node02-4
2019-08-06 14:14:58,392 - D:\cmdb\apps\assets\intoVMdetails.py[line:77] - WARNING: 命名不规范: pbs-demo-k8s-node02-3
2019-08-06 14:14:58,534 - D:\cmdb\apps\assets\intoVMdetails.py[line:77] - WARNING: 命名不规范: pbs-demo-k8s-node02-2
2019-08-06 14:14:58,679 - D:\cmdb\apps\assets\intoVMdetails.py[line:77] - WARNING: 命名不规范: pbs-demo-k8s-node02-1
